<?xml version="1.0" encoding="UTF-8"?>
<testng-results ignored="0" total="2" passed="2" failed="0" skipped="0">
  <reporter-output>
  </reporter-output>
  <suite started-at="2026-04-15T17:32:11 IST" name="Default suite" finished-at="2026-04-15T17:32:11 IST" duration-ms="57">
    <groups>
    </groups>
    <test started-at="2026-04-15T17:32:11 IST" name="Default test" finished-at="2026-04-15T17:32:11 IST" duration-ms="57">
      <class name="p_1.ContactTest">
        <test-method signature="createcontactTest()[pri:0, instance:p_1.ContactTest@34a3d150]" started-at="2026-04-15T17:32:11 IST" name="createcontactTest" finished-at="2026-04-15T17:32:11 IST" duration-ms="8" status="PASS">
          <reporter-output>
          </reporter-output>
        </test-method> <!-- createcontactTest -->
        <test-method signature="modfiycontactTest()[pri:0, instance:p_1.ContactTest@34a3d150]" started-at="2026-04-15T17:32:11 IST" name="modfiycontactTest" finished-at="2026-04-15T17:32:11 IST" duration-ms="2" status="PASS">
          <reporter-output>
          </reporter-output>
        </test-method> <!-- modfiycontactTest -->
      </class> <!-- p_1.ContactTest -->
    </test> <!-- Default test -->
  </suite> <!-- Default suite -->
</testng-results>
