<?xml version="1.0" encoding="UTF-8"?>
<testng-results ignored="0" total="2" passed="2" failed="0" skipped="0">
  <reporter-output>
  </reporter-output>
  <suite started-at="2026-04-15T17:20:55 IST" name="Default suite" finished-at="2026-04-15T17:20:55 IST" duration-ms="63">
    <groups>
    </groups>
    <test started-at="2026-04-15T17:20:55 IST" name="Default test" finished-at="2026-04-15T17:20:55 IST" duration-ms="63">
      <class name="p_2.OrgTest">
        <test-method signature="createorgTest()[pri:0, instance:p_2.OrgTest@2a798d51]" started-at="2026-04-15T17:20:55 IST" name="createorgTest" finished-at="2026-04-15T17:20:55 IST" duration-ms="10" status="PASS">
          <reporter-output>
          </reporter-output>
        </test-method> <!-- createorgTest -->
        <test-method signature="modfiyorgTest()[pri:0, instance:p_2.OrgTest@2a798d51]" started-at="2026-04-15T17:20:55 IST" name="modfiyorgTest" finished-at="2026-04-15T17:20:55 IST" duration-ms="2" status="PASS">
          <reporter-output>
          </reporter-output>
        </test-method> <!-- modfiyorgTest -->
      </class> <!-- p_2.OrgTest -->
    </test> <!-- Default test -->
  </suite> <!-- Default suite -->
</testng-results>
